<?xml version="1.0" encoding="UTF-8"?>
<!-- Generated by org.testng.reporters.JUnitReportReporter -->
<testsuite skipped="0" hostname="MT607869" name="testedeletar.TesteDeletar" tests="1" failures="0" timestamp="17 set 2019 13:53:52 GMT" time="5.664" errors="0">
  <testcase name="testeClassico" time="5.664" classname="testedeletar.TesteDeletar"/>
</testsuite> <!-- testedeletar.TesteDeletar -->
