<?xml version="1.0" encoding="UTF-8"?>
<!-- Generated by org.testng.reporters.JUnitReportReporter -->
<testsuite skipped="0" hostname="RSI4564" name="br.com.safra.app.runners.Avulso" tests="3" failures="0" timestamp="27 ago 2019 19:40:10 GMT" time="20.512" errors="0">
  <testcase name="extentReportsDemo2" time="5.686" classname="br.com.safra.app.runners.Avulso"/>
  <testcase name="extentReportsDemo" time="6.933" classname="br.com.safra.app.runners.Avulso"/>
  <testcase name="extentReportsDemo3" time="7.893" classname="br.com.safra.app.runners.Avulso"/>
</testsuite> <!-- br.com.safra.app.runners.Avulso -->
